<?xml version="1.0" encoding="UTF-8"?>
<!-- Generated by org.testng.reporters.JUnitXMLReporter -->
<testsuite hostname="auhumanpc" name="class" tests="2" failures="2" timestamp="10 Feb 2020 09:24:48 GMT" time="17.612" errors="0">
  <testcase name="feature" time="15.421" classname="testOption.textRunner">
    <failure type="cucumber.runtime.CucumberException" message="java.lang.NullPointerException">
      <![CDATA[cucumber.runtime.CucumberException: java.lang.NullPointerException
	at cucumber.api.testng.TestNGCucumberRunner.runCucumber(TestNGCucumberRunner.java:69)
	at cucumber.api.testng.AbstractTestNGCucumberTests.feature(AbstractTestNGCucumberTests.java:21)
Caused by: java.lang.NullPointerException
	at stepDefinitons.StepDefinition.opened_the_sales_force_application(StepDefinition.java:53)
	at ✽.Given : Opened the sales force application(sales.feature:80)
... Removed 24 stack frames]]>
    </failure>
  </testcase> <!-- feature -->
  <testcase name="feature" time="16.422" classname="testOption.textRunner">
    <failure type="java.lang.NullPointerException">
      <![CDATA[java.lang.NullPointerException
	at java.io.File.<init>(File.java:277)
	at salesforce.BaseClass.screenShot(BaseClass.java:38)
	at salesforce.Listeners.onTestFailure(Listeners.java:27)
... Removed 21 stack frames]]>
    </failure>
  </testcase> <!-- feature -->
</testsuite> <!-- class -->
