# JRE version: Java(TM) SE Runtime Environment (8.0_231-b11) (build 1.8.0_231-b11)
# Java VM: Java HotSpot(TM) 64-Bit Server VM (25.231-b11 mixed mode windows-amd64 compressed oops)
Heap:
 PSYoungGen      total 76288K, used 31226K [0x000000076b200000, 0x0000000770700000, 0x00000007c0000000)
  eden space 65536K, 35% used [0x000000076b200000,0x000000076c89f0d8,0x000000076f200000)
  from space 10752K, 74% used [0x000000076fc80000,0x000000077045f9c8,0x0000000770700000)
  to   space 10752K, 0% used [0x000000076f200000,0x000000076f200000,0x000000076fc80000)
 ParOldGen       total 175104K, used 24K [0x00000006c1600000, 0x00000006cc100000, 0x000000076b200000)
  object space 175104K, 0% used [0x00000006c1600000,0x00000006c1606000,0x00000006cc100000)
 Metaspace       used 17272K, capacity 17530K, committed 17792K, reserved 1064960K
  class space    used 2280K, capacity 2379K, committed 2432K, reserved 1048576K
GC Heap History (4 events):
Event: 3.100 GC heap before
{Heap before GC invocations=1 (full 0):
 PSYoungGen      total 76288K, used 65536K [0x000000076b200000, 0x0000000770700000, 0x00000007c0000000)
  eden space 65536K, 100% used [0x000000076b200000,0x000000076f200000,0x000000076f200000)
  from space 10752K, 0% used [0x000000076fc80000,0x000000076fc80000,0x0000000770700000)
  to   space 10752K, 0% used [0x000000076f200000,0x000000076f200000,0x000000076fc80000)
 ParOldGen       total 175104K, used 0K [0x00000006c1600000, 0x00000006cc100000, 0x000000076b200000)
  object space 175104K, 0% used [0x00000006c1600000,0x00000006c1600000,0x00000006cc100000)
 Metaspace       used 9288K, capacity 9336K, committed 9472K, reserved 1056768K
  class space    used 1224K, capacity 1234K, committed 1280K, reserved 1048576K
Event: 3.116 GC heap after
Heap after GC invocations=1 (full 0):
 PSYoungGen      total 76288K, used 4679K [0x000000076b200000, 0x0000000770700000, 0x00000007c0000000)
  eden space 65536K, 0% used [0x000000076b200000,0x000000076b200000,0x000000076f200000)
  from space 10752K, 43% used [0x000000076f200000,0x000000076f691fd8,0x000000076fc80000)
  to   space 10752K, 0% used [0x000000076fc80000,0x000000076fc80000,0x0000000770700000)
 ParOldGen       total 175104K, used 16K [0x00000006c1600000, 0x00000006cc100000, 0x000000076b200000)
  object space 175104K, 0% used [0x00000006c1600000,0x00000006c1604000,0x00000006cc100000)
 Metaspace       used 9288K, capacity 9336K, committed 9472K, reserved 1056768K
  class space    used 1224K, capacity 1234K, committed 1280K, reserved 1048576K
}
Event: 6.550 GC heap before
{Heap before GC invocations=2 (full 0):
 PSYoungGen      total 76288K, used 70215K [0x000000076b200000, 0x0000000770700000, 0x00000007c0000000)
  eden space 65536K, 100% used [0x000000076b200000,0x000000076f200000,0x000000076f200000)
  from space 10752K, 43% used [0x000000076f200000,0x000000076f691fd8,0x000000076fc80000)
  to   space 10752K, 0% used [0x000000076fc80000,0x000000076fc80000,0x0000000770700000)
 ParOldGen       total 175104K, used 16K [0x00000006c1600000, 0x00000006cc100000, 0x000000076b200000)
  object space 175104K, 0% used [0x00000006c1600000,0x00000006c1604000,0x00000006cc100000)
 Metaspace       used 15572K, capacity 15770K, committed 16000K, reserved 1062912K
  class space    used 2063K, capacity 2155K, committed 2176K, reserved 1048576K
Event: 6.584 GC heap after
Heap after GC invocations=2 (full 0):
 PSYoungGen      total 76288K, used 8062K [0x000000076b200000, 0x0000000770700000, 0x00000007c0000000)
  eden space 65536K, 0% used [0x000000076b200000,0x000000076b200000,0x000000076f200000)
  from space 10752K, 74% used [0x000000076fc80000,0x000000077045f9c8,0x0000000770700000)
  to   space 10752K, 0% used [0x000000076f200000,0x000000076f200000,0x000000076fc80000)
 ParOldGen       total 175104K, used 24K [0x00000006c1600000, 0x00000006cc100000, 0x000000076b200000)
  object space 175104K, 0% used [0x00000006c1600000,0x00000006c1606000,0x00000006cc100000)
 Metaspace       used 15572K, capacity 15770K, committed 16000K, reserved 1062912K
  class space    used 2063K, capacity 2155K, committed 2176K, reserved 1048576K
}

